<?xml version="1.0" encoding="UTF-8"?>
<!-- Generated by org.testng.reporters.JUnitReportReporter -->
<testsuite hostname="DESKTOP-IODLSC9" failures="0" tests="1" name="com.example.A" time="7.120" errors="0" timestamp="2024-10-02T16:29:53 IST" skipped="0">
  <testcase classname="com.example.A" name="m1" time="7.120"/>
  <system-out/>
</testsuite> <!-- com.example.A -->
