<?xml version="1.0" encoding="UTF-8"?>
<!-- Generated by org.testng.reporters.JUnitReportReporter -->
<testsuite hostname="DESKTOP-IODLSC9" failures="0" tests="1" name="com.example.A" time="15.088" errors="0" timestamp="2024-10-02T19:28:56 IST" skipped="0">
  <testcase classname="com.example.A" name="m1" time="15.088"/>
  <system-out/>
</testsuite> <!-- com.example.A -->
